<?xml version="1.0" encoding="UTF-8"?>
<!-- Generated by org.testng.reporters.JUnitReportReporter -->
<testsuite hostname="Akhila_29" failures="0" tests="2" name="Selenium.tests.ErrorValidationsTest" time="23.649" errors="0" timestamp="2023-03-24T12:54:35 IST" skipped="0">
  <testcase classname="Selenium.tests.ErrorValidationsTest" name="productErrorValidation" time="17.190"/>
  <system-out/>
  <testcase classname="Selenium.tests.ErrorValidationsTest" name="loginErrorValidation" time="6.459"/>
  <system-out/>
</testsuite> <!-- Selenium.tests.ErrorValidationsTest -->
