<?xml version="1.0" encoding="UTF-8"?>
<!-- Generated by org.testng.reporters.JUnitReportReporter -->
<testsuite hostname="Akhila_29" failures="0" tests="1" name="cucumber.TestNgTestRunner" time="5.221" errors="0" timestamp="2023-03-24T14:14:33 IST" skipped="0">
  <testcase classname="cucumber.TestNgTestRunner" name="runScenario" time="5.221"/>
  <system-out/>
</testsuite> <!-- cucumber.TestNgTestRunner -->
