<?xml version="1.0" encoding="UTF-8"?>
<!-- Generated by org.testng.reporters.JUnitReportReporter -->
<testsuite hostname="Akhila_29" failures="0" tests="1" name="Selenium.tests.ErrorValidations" time="6.459" errors="0" timestamp="2023-03-23T12:28:56 IST" skipped="0">
  <testcase classname="Selenium.tests.ErrorValidations" name="submitOrder" time="6.459"/>
  <system-out/>
</testsuite> <!-- Selenium.tests.ErrorValidations -->
