<?xml version="1.0" encoding="UTF-8"?>
<!-- Generated by org.testng.reporters.JUnitReportReporter -->
<testsuite hostname="Akhila_29" failures="0" tests="3" name="Selenium.tests.StandaloneTest" time="21.708" errors="0" timestamp="2023-03-24T12:54:35 IST" skipped="0">
  <testcase classname="Selenium.tests.StandaloneTest" name="submitOrder" time="9.268"/>
  <system-out/>
  <testcase classname="Selenium.tests.StandaloneTest" name="orderHistoryTest" time="4.606"/>
  <system-out/>
  <testcase classname="Selenium.tests.StandaloneTest" name="submitOrder" time="7.834"/>
  <system-out/>
</testsuite> <!-- Selenium.tests.StandaloneTest -->
