<?xml version="1.0" encoding="UTF-8"?>
<!-- Generated by org.testng.reporters.JUnitReportReporter -->
<testsuite hostname="Akhila_29" failures="0" tests="2" name="Selenium.tests.StandaloneTest" time="62.829" errors="0" timestamp="2023-03-24T12:43:45 IST" skipped="0">
  <testcase classname="Selenium.tests.StandaloneTest" name="submitOrder" time="30.444"/>
  <system-out/>
  <testcase classname="Selenium.tests.StandaloneTest" name="submitOrder" time="32.385"/>
  <system-out/>
</testsuite> <!-- Selenium.tests.StandaloneTest -->
